Date:Mon, 03 Apr 2017 10:14:11 +0000
Array
(
    [0] => Start
    [1] => Step DiscountCatalogMigratorrun
    [2] => 
)


Date:Mon, 03 Apr 2017 10:14:11 +0000
Array
(
    [0] => Start
    [1] => Step DiscountCatalogMigratormoveDiscounts
    [2] => 
)


Date:Mon, 03 Apr 2017 10:14:11 +0000
Array
(
    [0] => finished
    [1] => Step DiscountCatalogMigratormoveDiscounts
    [2] => 
)


Date:Mon, 03 Apr 2017 10:14:11 +0000
Array
(
    [0] => Start
    [1] => Step DiscountCatalogMigratormoveCoupons
    [2] => 
)


Date:Mon, 03 Apr 2017 10:14:11 +0000
Array
(
    [0] => finished
    [1] => Step DiscountCatalogMigratormoveCoupons
    [2] => 
)


Date:Mon, 03 Apr 2017 10:14:11 +0000
Array
(
    [0] => Start
    [1] => Step DiscountCatalogMigratorfillShortDescription
    [2] => 
)


Date:Mon, 03 Apr 2017 10:14:11 +0000
Array
(
    [0] => finished
    [1] => Step DiscountCatalogMigratorfillShortDescription
    [2] => 
)


Date:Mon, 03 Apr 2017 10:14:11 +0000
Array
(
    [0] => finished
    [1] => Step DiscountCatalogMigratorrun
    [2] => 
)


